mode: atomic
github.com/dementevda/likeisaid-gg/backend/internal/api/apimiddlewares/auth.go:21.67,22.46 1 0
github.com/dementevda/likeisaid-gg/backend/internal/api/apimiddlewares/auth.go:22.46,23.72 1 0
github.com/dementevda/likeisaid-gg/backend/internal/api/apimiddlewares/auth.go:23.72,26.18 2 0
github.com/dementevda/likeisaid-gg/backend/internal/api/apimiddlewares/auth.go:31.4,31.86 1 0
github.com/dementevda/likeisaid-gg/backend/internal/api/apimiddlewares/auth.go:26.18,29.5 2 0
github.com/dementevda/likeisaid-gg/backend/internal/api/apimiddlewares/auth.go:36.74,37.9 1 0
github.com/dementevda/likeisaid-gg/backend/internal/api/apimiddlewares/auth.go:38.44,45.9 4 0
github.com/dementevda/likeisaid-gg/backend/internal/api/apimiddlewares/auth.go:46.18,53.9 4 0
github.com/dementevda/likeisaid-gg/backend/internal/api/apimiddlewares/request_id.go:16.48,17.71 1 1
github.com/dementevda/likeisaid-gg/backend/internal/api/apimiddlewares/request_id.go:17.71,21.3 3 1
github.com/dementevda/likeisaid-gg/backend/internal/api/apimiddlewares/request_timer.go:11.79,12.46 1 1
github.com/dementevda/likeisaid-gg/backend/internal/api/apimiddlewares/request_timer.go:12.46,13.72 1 1
github.com/dementevda/likeisaid-gg/backend/internal/api/apimiddlewares/request_timer.go:13.72,26.4 4 1
github.com/dementevda/likeisaid-gg/backend/internal/api/views/hello.go:9.37,10.54 1 1
github.com/dementevda/likeisaid-gg/backend/internal/api/views/hello.go:10.54,12.3 1 1
github.com/dementevda/likeisaid-gg/backend/internal/api/views/helpers.go:17.28,19.24 2 7
github.com/dementevda/likeisaid-gg/backend/internal/api/views/helpers.go:26.2,26.14 1 5
github.com/dementevda/likeisaid-gg/backend/internal/api/views/helpers.go:19.24,20.36 1 4
github.com/dementevda/likeisaid-gg/backend/internal/api/views/helpers.go:20.36,21.24 1 6
github.com/dementevda/likeisaid-gg/backend/internal/api/views/helpers.go:21.24,23.5 1 2
github.com/dementevda/likeisaid-gg/backend/internal/api/views/helpers.go:29.38,30.29 1 4
github.com/dementevda/likeisaid-gg/backend/internal/api/views/helpers.go:33.2,33.12 1 3
github.com/dementevda/likeisaid-gg/backend/internal/api/views/helpers.go:30.29,32.3 1 1
github.com/dementevda/likeisaid-gg/backend/internal/api/views/helpers.go:36.104,45.2 4 15
github.com/dementevda/likeisaid-gg/backend/internal/api/views/helpers.go:47.73,51.2 3 6
github.com/dementevda/likeisaid-gg/backend/internal/api/views/task.go:18.50,19.54 1 7
github.com/dementevda/likeisaid-gg/backend/internal/api/views/task.go:19.54,21.34 1 7
github.com/dementevda/likeisaid-gg/backend/internal/api/views/task.go:56.3,60.17 2 2
github.com/dementevda/likeisaid-gg/backend/internal/api/views/task.go:65.3,66.9 2 1
github.com/dementevda/likeisaid-gg/backend/internal/api/views/task.go:21.34,24.54 3 5
github.com/dementevda/likeisaid-gg/backend/internal/api/views/task.go:29.4,30.18 2 3
github.com/dementevda/likeisaid-gg/backend/internal/api/views/task.go:35.4,35.60 1 2
github.com/dementevda/likeisaid-gg/backend/internal/api/views/task.go:40.4,47.18 3 2
github.com/dementevda/likeisaid-gg/backend/internal/api/views/task.go:51.4,52.10 2 1
github.com/dementevda/likeisaid-gg/backend/internal/api/views/task.go:24.54,28.5 2 2
github.com/dementevda/likeisaid-gg/backend/internal/api/views/task.go:30.18,33.5 2 1
github.com/dementevda/likeisaid-gg/backend/internal/api/views/task.go:35.60,38.5 2 0
github.com/dementevda/likeisaid-gg/backend/internal/api/views/task.go:47.18,50.5 2 1
github.com/dementevda/likeisaid-gg/backend/internal/api/views/task.go:60.17,63.4 2 1
github.com/dementevda/likeisaid-gg/backend/internal/api/views/task.go:71.49,72.54 1 6
github.com/dementevda/likeisaid-gg/backend/internal/api/views/task.go:72.54,76.18 3 6
github.com/dementevda/likeisaid-gg/backend/internal/api/views/task.go:80.3,80.90 1 5
github.com/dementevda/likeisaid-gg/backend/internal/api/views/task.go:86.3,86.35 1 4
github.com/dementevda/likeisaid-gg/backend/internal/api/views/task.go:107.3,107.36 1 1
github.com/dementevda/likeisaid-gg/backend/internal/api/views/task.go:76.18,79.4 2 1
github.com/dementevda/likeisaid-gg/backend/internal/api/views/task.go:80.90,83.4 2 1
github.com/dementevda/likeisaid-gg/backend/internal/api/views/task.go:86.35,90.54 3 3
github.com/dementevda/likeisaid-gg/backend/internal/api/views/task.go:95.4,97.43 2 2
github.com/dementevda/likeisaid-gg/backend/internal/api/views/task.go:102.4,103.10 2 1
github.com/dementevda/likeisaid-gg/backend/internal/api/views/task.go:90.54,93.5 2 1
github.com/dementevda/likeisaid-gg/backend/internal/api/views/task.go:97.43,100.5 2 1
github.com/dementevda/likeisaid-gg/backend/internal/api/views/task.go:107.36,110.4 2 1
github.com/dementevda/likeisaid-gg/backend/internal/api/views/task.go:114.61,116.16 2 6
github.com/dementevda/likeisaid-gg/backend/internal/api/views/task.go:119.2,119.13 1 5
github.com/dementevda/likeisaid-gg/backend/internal/api/views/task.go:116.16,118.3 1 1
github.com/dementevda/likeisaid-gg/backend/internal/api/views/task.go:122.70,123.21 1 2
github.com/dementevda/likeisaid-gg/backend/internal/api/views/task.go:126.2,127.32 2 2
github.com/dementevda/likeisaid-gg/backend/internal/api/views/task.go:130.2,130.27 1 2
github.com/dementevda/likeisaid-gg/backend/internal/api/views/task.go:123.21,125.3 1 2
github.com/dementevda/likeisaid-gg/backend/internal/api/views/task.go:127.32,129.3 1 1
github.com/dementevda/likeisaid-gg/backend/internal/api/views/task.go:130.27,132.3 1 1
github.com/dementevda/likeisaid-gg/backend/internal/api/views/task.go:135.54,147.2 8 2
github.com/dementevda/likeisaid-gg/backend/internal/api/views/user.go:19.50,20.54 1 1
github.com/dementevda/likeisaid-gg/backend/internal/api/views/user.go:20.54,24.49 3 5
github.com/dementevda/likeisaid-gg/backend/internal/api/views/user.go:29.3,30.17 2 4
github.com/dementevda/likeisaid-gg/backend/internal/api/views/user.go:35.3,36.10 2 3
github.com/dementevda/likeisaid-gg/backend/internal/api/views/user.go:45.3,46.9 2 1
github.com/dementevda/likeisaid-gg/backend/internal/api/views/user.go:24.49,27.4 2 1
github.com/dementevda/likeisaid-gg/backend/internal/api/views/user.go:30.17,33.4 2 1
github.com/dementevda/likeisaid-gg/backend/internal/api/views/user.go:37.19,39.10 2 1
github.com/dementevda/likeisaid-gg/backend/internal/api/views/user.go:40.19,42.10 2 1
github.com/dementevda/likeisaid-gg/backend/internal/api/views/user.go:51.49,52.54 1 3
github.com/dementevda/likeisaid-gg/backend/internal/api/views/user.go:52.54,56.10 3 3
github.com/dementevda/likeisaid-gg/backend/internal/api/views/user.go:65.3,66.9 2 1
github.com/dementevda/likeisaid-gg/backend/internal/api/views/user.go:57.45,59.10 2 1
github.com/dementevda/likeisaid-gg/backend/internal/api/views/user.go:60.19,62.10 2 1
